mode: set
github.com/chrissgon/goinvest/app/stock.go:9.63,11.2 1 1
github.com/chrissgon/goinvest/app/stock.go:13.68,16.16 2 1
github.com/chrissgon/goinvest/app/stock.go:16.16,18.3 1 1
github.com/chrissgon/goinvest/app/stock.go:20.2,20.31 1 1
github.com/chrissgon/goinvest/mock/mocks.go:20.54,22.2 1 1
github.com/chrissgon/goinvest/mock/mocks.go:24.75,27.2 2 1
github.com/chrissgon/goinvest/domain/stock.go:35.36,38.16 2 1
github.com/chrissgon/goinvest/domain/stock.go:38.16,40.3 1 0
github.com/chrissgon/goinvest/domain/stock.go:42.2,42.14 1 1
github.com/chrissgon/goinvest/domain/stock.go:42.14,44.3 1 1
github.com/chrissgon/goinvest/domain/stock.go:46.2,46.12 1 1
github.com/chrissgon/goinvest/domain/stock.go:48.55,50.2 1 1
github.com/chrissgon/goinvest/domain/stock.go:51.43,53.2 1 1
github.com/chrissgon/goinvest/domain/stock.go:54.43,56.2 1 1
github.com/chrissgon/goinvest/domain/stock.go:57.58,59.2 1 1
github.com/chrissgon/goinvest/domain/stock.go:60.48,62.2 1 1
github.com/chrissgon/goinvest/domain/stock.go:63.52,65.2 1 1
github.com/chrissgon/goinvest/domain/stock.go:66.58,68.2 1 1
github.com/chrissgon/goinvest/domain/stock.go:70.44,72.2 1 1
github.com/chrissgon/goinvest/domain/stock.go:73.42,75.2 1 1
github.com/chrissgon/goinvest/domain/stock.go:76.44,78.2 1 1
github.com/chrissgon/goinvest/domain/stock.go:79.32,81.2 1 1
github.com/chrissgon/goinvest/domain/stock.go:82.41,84.2 1 1
github.com/chrissgon/goinvest/domain/stock.go:85.41,87.2 1 1
github.com/chrissgon/goinvest/controller/stock.go:14.70,16.2 1 1
github.com/chrissgon/goinvest/mock/mocks.go:20.54,22.2 1 1
github.com/chrissgon/goinvest/mock/mocks.go:24.75,27.2 2 1
github.com/chrissgon/goinvest/internal/vinosinvest/visnoinvest.go:33.46,35.2 1 1
github.com/chrissgon/goinvest/internal/vinosinvest/visnoinvest.go:37.67,40.16 2 0
github.com/chrissgon/goinvest/internal/vinosinvest/visnoinvest.go:40.16,42.3 1 0
github.com/chrissgon/goinvest/internal/vinosinvest/visnoinvest.go:44.2,44.37 1 0
github.com/chrissgon/goinvest/internal/vinosinvest/visnoinvest.go:44.37,46.3 1 0
github.com/chrissgon/goinvest/internal/vinosinvest/visnoinvest.go:48.2,50.16 2 0
github.com/chrissgon/goinvest/internal/vinosinvest/visnoinvest.go:50.16,52.3 1 0
github.com/chrissgon/goinvest/internal/vinosinvest/visnoinvest.go:54.2,60.16 5 0
github.com/chrissgon/goinvest/internal/vinosinvest/visnoinvest.go:60.16,62.3 1 0
github.com/chrissgon/goinvest/internal/vinosinvest/visnoinvest.go:64.2,66.16 2 0
github.com/chrissgon/goinvest/internal/vinosinvest/visnoinvest.go:66.16,68.3 1 0
github.com/chrissgon/goinvest/internal/vinosinvest/visnoinvest.go:70.2,72.16 2 0
github.com/chrissgon/goinvest/internal/vinosinvest/visnoinvest.go:72.16,74.3 1 0
github.com/chrissgon/goinvest/internal/vinosinvest/visnoinvest.go:76.2,78.16 2 0
github.com/chrissgon/goinvest/internal/vinosinvest/visnoinvest.go:78.16,80.3 1 0
github.com/chrissgon/goinvest/internal/vinosinvest/visnoinvest.go:82.2,84.16 2 0
github.com/chrissgon/goinvest/internal/vinosinvest/visnoinvest.go:84.16,86.3 1 0
github.com/chrissgon/goinvest/internal/vinosinvest/visnoinvest.go:88.2,90.16 2 0
github.com/chrissgon/goinvest/internal/vinosinvest/visnoinvest.go:90.16,92.3 1 0
github.com/chrissgon/goinvest/internal/vinosinvest/visnoinvest.go:94.2,102.8 1 0
github.com/chrissgon/goinvest/internal/vinosinvest/visnoinvest.go:105.56,122.16 7 1
github.com/chrissgon/goinvest/internal/vinosinvest/visnoinvest.go:122.16,124.3 1 1
github.com/chrissgon/goinvest/internal/vinosinvest/visnoinvest.go:127.2,127.30 1 1
github.com/chrissgon/goinvest/internal/vinosinvest/visnoinvest.go:127.30,129.3 1 1
github.com/chrissgon/goinvest/internal/vinosinvest/visnoinvest.go:129.8,129.37 1 1
github.com/chrissgon/goinvest/internal/vinosinvest/visnoinvest.go:129.37,131.3 1 1
github.com/chrissgon/goinvest/internal/vinosinvest/visnoinvest.go:131.8,131.37 1 1
github.com/chrissgon/goinvest/internal/vinosinvest/visnoinvest.go:131.37,133.3 1 1
github.com/chrissgon/goinvest/internal/vinosinvest/visnoinvest.go:135.2,135.19 1 1
github.com/chrissgon/goinvest/mock/mocks.go:20.54,22.2 1 0
github.com/chrissgon/goinvest/mock/mocks.go:24.75,27.2 2 0
